0 silly argv {
0 silly argv   _: [ 'publish' ],
0 silly argv   composed: 'publish',
0 silly argv   lernaVersion: '4.0.0',
0 silly argv   '$0': '/Users/huijiawei/Documents/project/bodymovin-parser/node_modules/.bin/lerna'
0 silly argv }
1 notice cli v4.0.0
2 verbose rootPath /Users/huijiawei/Documents/project/bodymovin-parser
3 error JSONError: Unexpected token "<" (0x3C) in JSON at position 570 while parsing near "...  \"dependencies\": {\n<<<<<<< HEAD:package..." in packages/component-taro/package.json
3 error
3 error [0m [90m 24 |[39m   [32m"author"[39m[33m:[39m [32m"hellojackhui"[39m[33m,[39m[0m
3 error [0m [90m 25 |[39m   [32m"dependencies"[39m[33m:[39m {[0m
3 error [0m[31m[1m>[22m[39m[90m 26 |[39m [33m<<[39m[33m<<[39m[33m<<[39m[33m<[39m [33mHEAD[39m[33m:[39mpackages[33m/[39mcomponent[33m/[39m[36mpackage[39m[33m.[39mjson[0m
3 error [0m [90m    |[39m [31m[1m^[22m[39m[0m
3 error [0m [90m 27 |[39m     [32m"@bodymovin-parser/compiler-web"[39m[33m:[39m [32m"^0.0.5-beta.9"[39m[0m
3 error [0m [90m 28 |[39m [33m===[39m[33m===[39m[33m=[39m[0m
3 error [0m [90m 29 |[39m     [32m"@bodymovin-parser/compiler-mp"[39m[33m:[39m [32m"0.0.5"[39m[33m,[39m[0m
3 error
3 error     at parseJson (/Users/huijiawei/Documents/project/bodymovin-parser/node_modules/parse-json/index.js:29:21)
3 error     at parse (/Users/huijiawei/Documents/project/bodymovin-parser/node_modules/load-json-file/index.js:15:9)
3 error     at module.exports (/Users/huijiawei/Documents/project/bodymovin-parser/node_modules/load-json-file/index.js:18:47)
